  analysis.c
  bitrate.c
  block.c
C:\workspace\C\onscripter_win\libvorbis-1.3.6\lib\block.c(255,10): warning C4456: “i”的声明隐藏了上一个本地声明
C:\workspace\C\onscripter_win\libvorbis-1.3.6\lib\block.c(171,7): message : 参见“i”的声明
C:\workspace\C\onscripter_win\libvorbis-1.3.6\lib\block.c(1028,10): warning C4456: “i”的声明隐藏了上一个本地声明
C:\workspace\C\onscripter_win\libvorbis-1.3.6\lib\block.c(971,7): message : 参见“i”的声明
  codebook.c
  envelope.c
  floor0.c
  floor1.c
C:\workspace\C\onscripter_win\libvorbis-1.3.6\lib\floor1.c(496,15): warning C4457: “a”的声明隐藏了函数参数
C:\workspace\C\onscripter_win\libvorbis-1.3.6\lib\floor1.c(456,32): message : 参见“a”的声明
C:\workspace\C\onscripter_win\libvorbis-1.3.6\lib\floor1.c(713,13): warning C4456: “y0”的声明隐藏了上一个本地声明
C:\workspace\C\onscripter_win\libvorbis-1.3.6\lib\floor1.c(612,9): message : 参见“y0”的声明
C:\workspace\C\onscripter_win\libvorbis-1.3.6\lib\floor1.c(714,13): warning C4456: “y1”的声明隐藏了上一个本地声明
C:\workspace\C\onscripter_win\libvorbis-1.3.6\lib\floor1.c(613,9): message : 参见“y1”的声明
  info.c
C:\workspace\C\onscripter_win\libvorbis-1.3.6\lib\info.c(61,9): warning C4996: 'strcpy': This function or variable may be unsafe. Consider using strcpy_s instead. To disable deprecation, use _CRT_SECURE_NO_WARNINGS. See online help for details.
C:\workspace\C\onscripter_win\libvorbis-1.3.6\lib\info.c(69,9): warning C4996: 'strcpy': This function or variable may be unsafe. Consider using strcpy_s instead. To disable deprecation, use _CRT_SECURE_NO_WARNINGS. See online help for details.
C:\workspace\C\onscripter_win\libvorbis-1.3.6\lib\info.c(70,9): warning C4996: 'strcat': This function or variable may be unsafe. Consider using strcat_s instead. To disable deprecation, use _CRT_SECURE_NO_WARNINGS. See online help for details.
C:\workspace\C\onscripter_win\libvorbis-1.3.6\lib\info.c(71,9): warning C4996: 'strcat': This function or variable may be unsafe. Consider using strcat_s instead. To disable deprecation, use _CRT_SECURE_NO_WARNINGS. See online help for details.
C:\workspace\C\onscripter_win\libvorbis-1.3.6\lib\info.c(94,9): warning C4996: 'strcpy': This function or variable may be unsafe. Consider using strcpy_s instead. To disable deprecation, use _CRT_SECURE_NO_WARNINGS. See online help for details.
C:\workspace\C\onscripter_win\libvorbis-1.3.6\lib\info.c(95,9): warning C4996: 'strcat': This function or variable may be unsafe. Consider using strcat_s instead. To disable deprecation, use _CRT_SECURE_NO_WARNINGS. See online help for details.
C:\workspace\C\onscripter_win\libvorbis-1.3.6\lib\info.c(116,9): warning C4996: 'strcpy': This function or variable may be unsafe. Consider using strcpy_s instead. To disable deprecation, use _CRT_SECURE_NO_WARNINGS. See online help for details.
C:\workspace\C\onscripter_win\libvorbis-1.3.6\lib\info.c(117,9): warning C4996: 'strcat': This function or variable may be unsafe. Consider using strcat_s instead. To disable deprecation, use _CRT_SECURE_NO_WARNINGS. See online help for details.
  lookup.c
  lpc.c
  lsp.c
  mapping0.c
  mdct.c
C:\workspace\C\onscripter_win\libvorbis-1.3.6\lib\mdct.c(78,32): warning C4456: “i”的声明隐藏了上一个本地声明
C:\workspace\C\onscripter_win\libvorbis-1.3.6\lib\mdct.c(55,7): message : 参见“i”的声明
C:\workspace\C\onscripter_win\libvorbis-1.3.6\lib\mdct.c(439,19): warning C4456: “iX”的声明隐藏了上一个本地声明
C:\workspace\C\onscripter_win\libvorbis-1.3.6\lib\mdct.c(403,14): message : 参见“iX”的声明
  psy.c
C:\workspace\C\onscripter_win\libvorbis-1.3.6\lib\psy.c(238,16): warning C4456: “bin”的声明隐藏了上一个本地声明
C:\workspace\C\onscripter_win\libvorbis-1.3.6\lib\psy.c(159,27): message : 参见“bin”的声明
  registry.c
  res0.c
  sharedbook.c
  smallft.c
  synthesis.c
  vorbisenc.c
  正在编译...
  window.c
  libvorbis_static.vcxproj -> C:\workspace\C\onscripter_win\x64\Release\libvorbis_static.lib
