  cdjpeg.c
  example.c
C:\workspace\C\onscripter_win\jpeg-9c\example.c(116,9): warning C4013: “exit”未定义；假设外部返回 int
C:\workspace\C\onscripter_win\jpeg-9c\example.c(379,27): warning C4013: “put_scanline_someplace”未定义；假设外部返回 int
  jaricom.c
  jcapimin.c
  jcapistd.c
  jcarith.c
  jccoefct.c
  jccolor.c
  jcdctmgr.c
  jchuff.c
  jcinit.c
  jcmainct.c
  jcmarker.c
  jcmaster.c
  jcomapi.c
  jcparam.c
  jcprepct.c
  jcsample.c
  jctrans.c
  jdapimin.c
  正在编译...
  jdapistd.c
  jdarith.c
  jdatadst.c
C:\workspace\C\onscripter_win\jpeg-9c\jdatadst.c(185,60): warning C4267: “=”: 从“size_t”转换到“unsigned long”，可能丢失数据
  jdatasrc.c
  jdcoefct.c
  jdcolor.c
  jddctmgr.c
  jdhuff.c
  jdinput.c
  jdmainct.c
  jdmarker.c
  jdmaster.c
  jdmerge.c
  jdpostct.c
  jdsample.c
  jdtrans.c
  jerror.c
  jfdctflt.c
  jfdctfst.c
  jfdctint.c
  正在编译...
  jidctflt.c
  jidctfst.c
  jidctint.c
  jmemmgr.c
C:\workspace\C\onscripter_win\jpeg-9c\jmemmgr.c(307,53): warning C4267: “+=”: 从“size_t”转换到“long”，可能丢失数据
C:\workspace\C\onscripter_win\jpeg-9c\jmemmgr.c(367,70): warning C4267: “+=”: 从“size_t”转换到“long”，可能丢失数据
C:\workspace\C\onscripter_win\jpeg-9c\jmemmgr.c(977,46): warning C4267: “-=”: 从“size_t”转换到“long”，可能丢失数据
C:\workspace\C\onscripter_win\jpeg-9c\jmemmgr.c(991,46): warning C4267: “-=”: 从“size_t”转换到“long”，可能丢失数据
  jmemnobs.c
  jquant1.c
  jquant2.c
  jutils.c
  rdbmp.c
  rdcolmap.c
  rdgif.c
  rdppm.c
  rdrle.c
  rdswitch.c
  rdtarga.c
  transupp.c
  wrbmp.c
  wrgif.c
  wrppm.c
  wrrle.c
  正在编译...
  wrtarga.c
  libjpeg.vcxproj -> C:\workspace\C\onscripter_win\x64\Release\libjpeg.lib
