c:\workspace\c\onscripter_win\x64\release\zlib.bsc
c:\workspace\c\onscripter_win\lpng1637\projects\vstudio\zlib\x64\release\zlib.pdb
c:\workspace\c\onscripter_win\lpng1637\projects\vstudio\zlib\x64\release\adler32.sbr
c:\workspace\c\onscripter_win\lpng1637\projects\vstudio\zlib\x64\release\compress.sbr
c:\workspace\c\onscripter_win\lpng1637\projects\vstudio\zlib\x64\release\crc32.sbr
c:\workspace\c\onscripter_win\lpng1637\projects\vstudio\zlib\x64\release\deflate.sbr
c:\workspace\c\onscripter_win\lpng1637\projects\vstudio\zlib\x64\release\infback.sbr
c:\workspace\c\onscripter_win\lpng1637\projects\vstudio\zlib\x64\release\inffast.sbr
c:\workspace\c\onscripter_win\lpng1637\projects\vstudio\zlib\x64\release\inflate.sbr
c:\workspace\c\onscripter_win\lpng1637\projects\vstudio\zlib\x64\release\inftrees.sbr
c:\workspace\c\onscripter_win\lpng1637\projects\vstudio\zlib\x64\release\trees.sbr
c:\workspace\c\onscripter_win\lpng1637\projects\vstudio\zlib\x64\release\uncompr.sbr
c:\workspace\c\onscripter_win\lpng1637\projects\vstudio\zlib\x64\release\zutil.sbr
c:\workspace\c\onscripter_win\lpng1637\projects\vstudio\zlib\x64\release\zutil.obj
c:\workspace\c\onscripter_win\lpng1637\projects\vstudio\zlib\x64\release\uncompr.obj
c:\workspace\c\onscripter_win\lpng1637\projects\vstudio\zlib\x64\release\trees.obj
c:\workspace\c\onscripter_win\lpng1637\projects\vstudio\zlib\x64\release\inftrees.obj
c:\workspace\c\onscripter_win\lpng1637\projects\vstudio\zlib\x64\release\inflate.obj
c:\workspace\c\onscripter_win\lpng1637\projects\vstudio\zlib\x64\release\inffast.obj
c:\workspace\c\onscripter_win\lpng1637\projects\vstudio\zlib\x64\release\infback.obj
c:\workspace\c\onscripter_win\lpng1637\projects\vstudio\zlib\x64\release\deflate.obj
c:\workspace\c\onscripter_win\lpng1637\projects\vstudio\zlib\x64\release\crc32.obj
c:\workspace\c\onscripter_win\lpng1637\projects\vstudio\zlib\x64\release\compress.obj
c:\workspace\c\onscripter_win\lpng1637\projects\vstudio\zlib\x64\release\adler32.obj
c:\workspace\c\onscripter_win\x64\release\zlib.lib
c:\workspace\c\onscripter_win\lpng1637\projects\vstudio\zlib\x64\release\zlib.tlog\bscmake.command.1.tlog
c:\workspace\c\onscripter_win\lpng1637\projects\vstudio\zlib\x64\release\zlib.tlog\bscmake.read.1.tlog
c:\workspace\c\onscripter_win\lpng1637\projects\vstudio\zlib\x64\release\zlib.tlog\bscmake.write.1.tlog
c:\workspace\c\onscripter_win\lpng1637\projects\vstudio\zlib\x64\release\zlib.tlog\cl.command.1.tlog
c:\workspace\c\onscripter_win\lpng1637\projects\vstudio\zlib\x64\release\zlib.tlog\cl.read.1.tlog
c:\workspace\c\onscripter_win\lpng1637\projects\vstudio\zlib\x64\release\zlib.tlog\cl.write.1.tlog
c:\workspace\c\onscripter_win\lpng1637\projects\vstudio\zlib\x64\release\zlib.tlog\lib-link.read.1.tlog
c:\workspace\c\onscripter_win\lpng1637\projects\vstudio\zlib\x64\release\zlib.tlog\lib-link.write.1.tlog
c:\workspace\c\onscripter_win\lpng1637\projects\vstudio\zlib\x64\release\zlib.tlog\lib.command.1.tlog
